0 info it worked if it ends with ok
1 verbose cli [ '/home/ubuntu/.nvm/versions/node/v4.2.4/bin/node',
1 verbose cli   '/home/ubuntu/.nvm/versions/node/v4.2.4/bin/npm',
1 verbose cli   'run',
1 verbose cli   'ac',
1 verbose cli   'added node modules; changed wiki and youTube links to buttons' ]
2 info using npm@2.14.12
3 info using node@v4.2.4
4 verbose run-script [ 'preac', 'ac', 'postac' ]
5 info preac read-watch-listen@1.0.0
6 info ac read-watch-listen@1.0.0
7 verbose unsafe-perm in lifecycle true
8 info read-watch-listen@1.0.0 Failed to exec ac script
9 verbose stack Error: read-watch-listen@1.0.0 ac: `git add --all && git commit -m "added node modules; changed wiki and youTube links to buttons"`
9 verbose stack Exit status 1
9 verbose stack     at EventEmitter.<anonymous> (/home/ubuntu/.nvm/versions/node/v4.2.4/lib/node_modules/npm/lib/utils/lifecycle.js:214:16)
9 verbose stack     at emitTwo (events.js:87:13)
9 verbose stack     at EventEmitter.emit (events.js:172:7)
9 verbose stack     at ChildProcess.<anonymous> (/home/ubuntu/.nvm/versions/node/v4.2.4/lib/node_modules/npm/lib/utils/spawn.js:24:14)
9 verbose stack     at emitTwo (events.js:87:13)
9 verbose stack     at ChildProcess.emit (events.js:172:7)
9 verbose stack     at maybeClose (internal/child_process.js:818:16)
9 verbose stack     at Process.ChildProcess._handle.onexit (internal/child_process.js:211:5)
10 verbose pkgid read-watch-listen@1.0.0
11 verbose cwd /home/ubuntu/workspace
12 error Linux 4.2.0-c9
13 error argv "/home/ubuntu/.nvm/versions/node/v4.2.4/bin/node" "/home/ubuntu/.nvm/versions/node/v4.2.4/bin/npm" "run" "ac" "added node modules; changed wiki and youTube links to buttons"
14 error node v4.2.4
15 error npm  v2.14.12
16 error code ELIFECYCLE
17 error read-watch-listen@1.0.0 ac: `git add --all && git commit -m "added node modules; changed wiki and youTube links to buttons"`
17 error Exit status 1
18 error Failed at the read-watch-listen@1.0.0 ac script 'git add --all && git commit -m "added node modules; changed wiki and youTube links to buttons"'.
18 error This is most likely a problem with the read-watch-listen package,
18 error not with npm itself.
18 error Tell the author that this fails on your system:
18 error     git add --all && git commit -m "added node modules; changed wiki and youTube links to buttons"
18 error You can get their info via:
18 error     npm owner ls read-watch-listen
18 error There is likely additional logging output above.
19 verbose exit [ 1, true ]
